<?xml version="1.0" encoding="UTF-8"?>
<!-- Generated by org.testng.reporters.JUnitReportReporter -->
<testsuite skipped="0" hostname="LAPTOP-H8ROSALT" name="com.crm.qa.testcases.ContactsPageTest" tests="1" failures="0" timestamp="12 Feb 2019 20:18:14 GMT" time="21.582" errors="0">
  <testcase name="verifyCOntactsPageLabel" time="21.582" classname="com.crm.qa.testcases.ContactsPageTest"/>
</testsuite> <!-- com.crm.qa.testcases.ContactsPageTest -->
