<?xml version="1.0" encoding="UTF-8"?>
<!-- Generated by org.testng.reporters.JUnitReportReporter -->
<testsuite skipped="0" hostname="LAPTOP-H8ROSALT" name="com.crm.qa.testcases.LoginPageTest" tests="3" failures="0" timestamp="12 Feb 2019 20:18:14 GMT" time="40.667" errors="0">
  <testcase name="loginPageTitleTest" time="9.929" classname="com.crm.qa.testcases.LoginPageTest"/>
  <testcase name="crmLogoImageTest" time="10.221" classname="com.crm.qa.testcases.LoginPageTest"/>
  <testcase name="loginTest" time="20.517" classname="com.crm.qa.testcases.LoginPageTest"/>
</testsuite> <!-- com.crm.qa.testcases.LoginPageTest -->
